<?xml version="1.0" encoding="UTF-8"?>
<testng-results ignored="1" total="2" passed="1" failed="0" skipped="0">
  <reporter-output>
  </reporter-output>
  <suite started-at="2024-09-09T12:40:52 IST" name="Suite" finished-at="2024-09-09T12:40:52 IST" duration-ms="251">
    <groups>
      <group name="regression">
        <method signature="Orgg.test1()[pri:0, instance:org.Orgg@10db82ae]" name="test1" class="org.Orgg"/>
      </group> <!-- regression -->
    </groups>
    <test started-at="2024-09-09T12:40:52 IST" name="Test" finished-at="2024-09-09T12:40:52 IST" duration-ms="251">
      <class name="org.Orgg">
        <test-method signature="test1()[pri:0, instance:org.Orgg@10db82ae]" started-at="2024-09-09T12:40:52 IST" name="test1" finished-at="2024-09-09T12:40:52 IST" duration-ms="22" status="PASS">
          <reporter-output>
          </reporter-output>
        </test-method> <!-- test1 -->
      </class> <!-- org.Orgg -->
    </test> <!-- Test -->
  </suite> <!-- Suite -->
</testng-results>
