<?xml version="1.0" encoding="UTF-8"?>
<testng-results ignored="1" total="2" passed="1" failed="0" skipped="0">
  <reporter-output>
  </reporter-output>
  <suite started-at="2024-09-09T12:35:47 IST" name="Suite" finished-at="2024-09-09T12:35:47 IST" duration-ms="251">
    <groups>
      <group name="smoke">
        <method signature="Orgg.test()[pri:0, instance:org.Orgg@26d9b808]" name="test" class="org.Orgg"/>
      </group> <!-- smoke -->
    </groups>
    <test started-at="2024-09-09T12:35:47 IST" name="Test" finished-at="2024-09-09T12:35:47 IST" duration-ms="251">
      <class name="org.Orgg">
        <test-method signature="test()[pri:0, instance:org.Orgg@26d9b808]" started-at="2024-09-09T12:35:47 IST" name="test" finished-at="2024-09-09T12:35:47 IST" duration-ms="35" status="PASS">
          <reporter-output>
          </reporter-output>
        </test-method> <!-- test -->
      </class> <!-- org.Orgg -->
    </test> <!-- Test -->
  </suite> <!-- Suite -->
</testng-results>
